2018-06-13 11:27:31
错误编号:2018061311273118X246f3eeb7a
Message:无法连接到远程服务器
Type:System.Net.WebException
Source:System
StackTrace:   在 System.Net.WebClient.UploadDataInternal(Uri address, String method, Byte[] data, WebRequest& request)
   在 System.Net.WebClient.UploadData(Uri address, String method, Byte[] data)
   在 System.Net.WebClient.UploadData(String address, String method, Byte[] data)
   在 Game.Common.WebCommon.APIPostBack(String url, String posts, Boolean check, String contentType) 位置 E:\Projects\网站运营后台\GameTaurus\Game.Common\WebCommon.cs:行号 179
Method:UploadDataInternal
Class:System.Net.WebClient
UserIP:192.168.0.157
UserName:
CompanyID:0
CompanyName:
BaseException:
System.Net.Sockets.SocketException (0x80004005): 由于目标计算机积极拒绝，无法连接。 192.168.0.150:2215
   在 System.Net.Sockets.Socket.DoConnect(EndPoint endPointSnapshot, SocketAddress socketAddress)
   在 System.Net.ServicePoint.ConnectSocketInternal(Boolean connectFailure, Socket s4, Socket s6, Socket& socket, IPAddress& address, ConnectSocketState state, IAsyncResult asyncResult, Exception& exception)
2018-06-13 11:27:31
Url：/GameConfig/placardset/AddPlacard
Message：未将对象引用设置到对象的实例。

2018-06-13 11:27:31
Url：/GameConfig/placardset/AddPlacard
Message：未将对象引用设置到对象的实例。

