2018-06-06 15:00:15
Url：/ClubModule/Agent/Index
Message：已添加了具有相同键的项。

2018-06-06 15:00:15
Url：/ClubModule/Agent/Index
Message：已添加了具有相同键的项。

2018-06-06 15:00:24
Url：/ClubModule/Agent/Index
Message：已添加了具有相同键的项。

2018-06-06 15:00:24
Url：/ClubModule/Agent/Index
Message：已添加了具有相同键的项。

2018-06-06 15:10:40
Url：/ClubModule/Agent/Index
Message：已添加了具有相同键的项。

2018-06-06 15:10:40
Url：/ClubModule/Agent/Index
Message：已添加了具有相同键的项。

2018-06-06 15:19:32
Url：/ClubModule/Agent/Index
Message：已添加了具有相同键的项。

2018-06-06 15:19:32
Url：/ClubModule/Agent/Index
Message：已添加了具有相同键的项。

2018-06-06 16:08:02
Url：/SystemModule/Module/GetModuleList?_=1528272481729
Message：Table 'linyun_game.sys_menu' doesn't exist

2018-06-06 16:08:03
Url：/SystemModule/Module/GetModuleList?_=1528272481729
Message：Table 'linyun_game.sys_menu' doesn't exist

2018-06-06 16:23:55
错误编号:2018060616235543X1bb97886e1
Message:基础连接已经关闭: 连接被意外关闭。
Type:System.Net.WebException
Source:System
StackTrace:   在 System.Net.WebClient.UploadDataInternal(Uri address, String method, Byte[] data, WebRequest& request)
   在 System.Net.WebClient.UploadData(Uri address, String method, Byte[] data)
   在 System.Net.WebClient.UploadData(String address, String method, Byte[] data)
   在 Game.Common.WebCommon.APIPostBack(String url, String posts, Boolean check, String contentType) 位置 E:\Projects\网站运营后台\GameTaurus\Game.Common\WebCommon.cs:行号 179
Method:UploadDataInternal
Class:System.Net.WebClient
UserIP:192.168.0.157
UserName:
CompanyID:0
CompanyName:

2018-06-06 16:23:55
Url：/GameConfig/ClubConfig/Edit
Message：未将对象引用设置到对象的实例。

2018-06-06 16:23:55
Url：/GameConfig/ClubConfig/Edit
Message：未将对象引用设置到对象的实例。

